<?xml version="1.0" encoding="UTF-8"?>
<testsuite xmlns:xsi="http://www.w3.org/2001/XMLSchema-instance" xsi:noNamespaceSchemaLocation="https://maven.apache.org/surefire/maven-surefire-plugin/xsd/surefire-test-report.xsd" name="com.CrawlerTest" time="38.669" tests="1" errors="0" skipped="0" failures="0">
  <properties>
    <property name="sun.desktop" value="windows"/>
    <property name="awt.toolkit" value="sun.awt.windows.WToolkit"/>
    <property name="file.encoding.pkg" value="sun.io"/>
    <property name="java.specification.version" value="1.8"/>
    <property name="sun.cpu.isalist" value="amd64"/>
    <property name="sun.jnu.encoding" value="GBK"/>
    <property name="java.class.path" value="G:\lavector\weibo\target\test-classes;G:\lavector\weibo\target\classes;G:\Development\apache-maven-3.5.2\reponsitory_boot\org\springframework\boot\spring-boot-starter-data-jpa\2.1.0.RELEASE\spring-boot-starter-data-jpa-2.1.0.RELEASE.jar;G:\Development\apache-maven-3.5.2\reponsitory_boot\org\springframework\boot\spring-boot-starter-aop\2.1.0.RELEASE\spring-boot-starter-aop-2.1.0.RELEASE.jar;G:\Development\apache-maven-3.5.2\reponsitory_boot\org\springframework\spring-aop\5.1.2.RELEASE\spring-aop-5.1.2.RELEASE.jar;G:\Development\apache-maven-3.5.2\reponsitory_boot\org\aspectj\aspectjweaver\1.9.2\aspectjweaver-1.9.2.jar;G:\Development\apache-maven-3.5.2\reponsitory_boot\javax\transaction\javax.transaction-api\1.3\javax.transaction-api-1.3.jar;G:\Development\apache-maven-3.5.2\reponsitory_boot\javax\xml\bind\jaxb-api\2.3.1\jaxb-api-2.3.1.jar;G:\Development\apache-maven-3.5.2\reponsitory_boot\javax\activation\javax.activation-api\1.2.0\javax.activation-api-1.2.0.jar;G:\Development\apache-maven-3.5.2\reponsitory_boot\org\hibernate\hibernate-core\5.3.7.Final\hibernate-core-5.3.7.Final.jar;G:\Development\apache-maven-3.5.2\reponsitory_boot\org\jboss\logging\jboss-logging\3.3.2.Final\jboss-logging-3.3.2.Final.jar;G:\Development\apache-maven-3.5.2\reponsitory_boot\javax\persistence\javax.persistence-api\2.2\javax.persistence-api-2.2.jar;G:\Development\apache-maven-3.5.2\reponsitory_boot\org\javassist\javassist\3.23.1-GA\javassist-3.23.1-GA.jar;G:\Development\apache-maven-3.5.2\reponsitory_boot\net\bytebuddy\byte-buddy\1.9.3\byte-buddy-1.9.3.jar;G:\Development\apache-maven-3.5.2\reponsitory_boot\antlr\antlr\2.7.7\antlr-2.7.7.jar;G:\Development\apache-maven-3.5.2\reponsitory_boot\org\jboss\jandex\2.0.5.Final\jandex-2.0.5.Final.jar;G:\Development\apache-maven-3.5.2\reponsitory_boot\com\fasterxml\classmate\1.4.0\classmate-1.4.0.jar;G:\Development\apache-maven-3.5.2\reponsitory_boot\org\dom4j\dom4j\2.1.1\dom4j-2.1.1.jar;G:\Development\apache-maven-3.5.2\reponsitory_boot\org\hibernate\common\hibernate-commons-annotations\5.0.4.Final\hibernate-commons-annotations-5.0.4.Final.jar;G:\Development\apache-maven-3.5.2\reponsitory_boot\org\springframework\data\spring-data-jpa\2.1.2.RELEASE\spring-data-jpa-2.1.2.RELEASE.jar;G:\Development\apache-maven-3.5.2\reponsitory_boot\org\springframework\data\spring-data-commons\2.1.2.RELEASE\spring-data-commons-2.1.2.RELEASE.jar;G:\Development\apache-maven-3.5.2\reponsitory_boot\org\springframework\spring-orm\5.1.2.RELEASE\spring-orm-5.1.2.RELEASE.jar;G:\Development\apache-maven-3.5.2\reponsitory_boot\org\springframework\spring-context\5.1.2.RELEASE\spring-context-5.1.2.RELEASE.jar;G:\Development\apache-maven-3.5.2\reponsitory_boot\org\springframework\spring-tx\5.1.2.RELEASE\spring-tx-5.1.2.RELEASE.jar;G:\Development\apache-maven-3.5.2\reponsitory_boot\org\springframework\spring-beans\5.1.2.RELEASE\spring-beans-5.1.2.RELEASE.jar;G:\Development\apache-maven-3.5.2\reponsitory_boot\org\springframework\spring-aspects\5.1.2.RELEASE\spring-aspects-5.1.2.RELEASE.jar;G:\Development\apache-maven-3.5.2\reponsitory_boot\org\springframework\boot\spring-boot-starter-test\2.1.0.RELEASE\spring-boot-starter-test-2.1.0.RELEASE.jar;G:\Development\apache-maven-3.5.2\reponsitory_boot\org\springframework\boot\spring-boot-starter\2.1.0.RELEASE\spring-boot-starter-2.1.0.RELEASE.jar;G:\Development\apache-maven-3.5.2\reponsitory_boot\org\springframework\boot\spring-boot\2.1.0.RELEASE\spring-boot-2.1.0.RELEASE.jar;G:\Development\apache-maven-3.5.2\reponsitory_boot\org\springframework\boot\spring-boot-autoconfigure\2.1.0.RELEASE\spring-boot-autoconfigure-2.1.0.RELEASE.jar;G:\Development\apache-maven-3.5.2\reponsitory_boot\org\springframework\boot\spring-boot-starter-logging\2.1.0.RELEASE\spring-boot-starter-logging-2.1.0.RELEASE.jar;G:\Development\apache-maven-3.5.2\reponsitory_boot\ch\qos\logback\logback-classic\1.2.3\logback-classic-1.2.3.jar;G:\Development\apache-maven-3.5.2\reponsitory_boot\ch\qos\logback\logback-core\1.2.3\logback-core-1.2.3.jar;G:\Development\apache-maven-3.5.2\reponsitory_boot\org\apache\logging\log4j\log4j-to-slf4j\2.11.1\log4j-to-slf4j-2.11.1.jar;G:\Development\apache-maven-3.5.2\reponsitory_boot\org\apache\logging\log4j\log4j-api\2.11.1\log4j-api-2.11.1.jar;G:\Development\apache-maven-3.5.2\reponsitory_boot\org\slf4j\jul-to-slf4j\1.7.25\jul-to-slf4j-1.7.25.jar;G:\Development\apache-maven-3.5.2\reponsitory_boot\javax\annotation\javax.annotation-api\1.3.2\javax.annotation-api-1.3.2.jar;G:\Development\apache-maven-3.5.2\reponsitory_boot\org\yaml\snakeyaml\1.23\snakeyaml-1.23.jar;G:\Development\apache-maven-3.5.2\reponsitory_boot\org\springframework\boot\spring-boot-test\2.1.0.RELEASE\spring-boot-test-2.1.0.RELEASE.jar;G:\Development\apache-maven-3.5.2\reponsitory_boot\org\springframework\boot\spring-boot-test-autoconfigure\2.1.0.RELEASE\spring-boot-test-autoconfigure-2.1.0.RELEASE.jar;G:\Development\apache-maven-3.5.2\reponsitory_boot\com\jayway\jsonpath\json-path\2.4.0\json-path-2.4.0.jar;G:\Development\apache-maven-3.5.2\reponsitory_boot\net\minidev\json-smart\2.3\json-smart-2.3.jar;G:\Development\apache-maven-3.5.2\reponsitory_boot\net\minidev\accessors-smart\1.2\accessors-smart-1.2.jar;G:\Development\apache-maven-3.5.2\reponsitory_boot\org\ow2\asm\asm\5.0.4\asm-5.0.4.jar;G:\Development\apache-maven-3.5.2\reponsitory_boot\junit\junit\4.12\junit-4.12.jar;G:\Development\apache-maven-3.5.2\reponsitory_boot\org\assertj\assertj-core\3.11.1\assertj-core-3.11.1.jar;G:\Development\apache-maven-3.5.2\reponsitory_boot\org\mockito\mockito-core\2.23.0\mockito-core-2.23.0.jar;G:\Development\apache-maven-3.5.2\reponsitory_boot\net\bytebuddy\byte-buddy-agent\1.9.3\byte-buddy-agent-1.9.3.jar;G:\Development\apache-maven-3.5.2\reponsitory_boot\org\objenesis\objenesis\2.6\objenesis-2.6.jar;G:\Development\apache-maven-3.5.2\reponsitory_boot\org\hamcrest\hamcrest-core\1.3\hamcrest-core-1.3.jar;G:\Development\apache-maven-3.5.2\reponsitory_boot\org\hamcrest\hamcrest-library\1.3\hamcrest-library-1.3.jar;G:\Development\apache-maven-3.5.2\reponsitory_boot\org\skyscreamer\jsonassert\1.5.0\jsonassert-1.5.0.jar;G:\Development\apache-maven-3.5.2\reponsitory_boot\com\vaadin\external\google\android-json\0.0.20131108.vaadin1\android-json-0.0.20131108.vaadin1.jar;G:\Development\apache-maven-3.5.2\reponsitory_boot\org\springframework\spring-core\5.1.2.RELEASE\spring-core-5.1.2.RELEASE.jar;G:\Development\apache-maven-3.5.2\reponsitory_boot\org\springframework\spring-jcl\5.1.2.RELEASE\spring-jcl-5.1.2.RELEASE.jar;G:\Development\apache-maven-3.5.2\reponsitory_boot\org\springframework\spring-test\5.1.2.RELEASE\spring-test-5.1.2.RELEASE.jar;G:\Development\apache-maven-3.5.2\reponsitory_boot\org\xmlunit\xmlunit-core\2.6.2\xmlunit-core-2.6.2.jar;G:\Development\apache-maven-3.5.2\reponsitory_boot\mysql\mysql-connector-java\8.0.13\mysql-connector-java-8.0.13.jar;G:\Development\apache-maven-3.5.2\reponsitory_boot\org\springframework\boot\spring-boot-starter-jdbc\2.1.0.RELEASE\spring-boot-starter-jdbc-2.1.0.RELEASE.jar;G:\Development\apache-maven-3.5.2\reponsitory_boot\com\zaxxer\HikariCP\3.2.0\HikariCP-3.2.0.jar;G:\Development\apache-maven-3.5.2\reponsitory_boot\org\springframework\spring-jdbc\5.1.2.RELEASE\spring-jdbc-5.1.2.RELEASE.jar;G:\Development\apache-maven-3.5.2\reponsitory_boot\com\google\code\gson\gson\2.8.5\gson-2.8.5.jar;G:\Development\apache-maven-3.5.2\reponsitory_boot\us\codecraft\webmagic-core\0.7.3\webmagic-core-0.7.3.jar;G:\Development\apache-maven-3.5.2\reponsitory_boot\org\apache\httpcomponents\httpclient\4.5.6\httpclient-4.5.6.jar;G:\Development\apache-maven-3.5.2\reponsitory_boot\org\apache\httpcomponents\httpcore\4.4.10\httpcore-4.4.10.jar;G:\Development\apache-maven-3.5.2\reponsitory_boot\commons-codec\commons-codec\1.11\commons-codec-1.11.jar;G:\Development\apache-maven-3.5.2\reponsitory_boot\org\apache\commons\commons-lang3\3.8.1\commons-lang3-3.8.1.jar;G:\Development\apache-maven-3.5.2\reponsitory_boot\us\codecraft\xsoup\0.3.1\xsoup-0.3.1.jar;G:\Development\apache-maven-3.5.2\reponsitory_boot\org\slf4j\slf4j-api\1.7.25\slf4j-api-1.7.25.jar;G:\Development\apache-maven-3.5.2\reponsitory_boot\org\slf4j\slf4j-log4j12\1.7.25\slf4j-log4j12-1.7.25.jar;G:\Development\apache-maven-3.5.2\reponsitory_boot\log4j\log4j\1.2.17\log4j-1.2.17.jar;G:\Development\apache-maven-3.5.2\reponsitory_boot\commons-collections\commons-collections\3.2.2\commons-collections-3.2.2.jar;G:\Development\apache-maven-3.5.2\reponsitory_boot\org\jsoup\jsoup\1.10.3\jsoup-1.10.3.jar;G:\Development\apache-maven-3.5.2\reponsitory_boot\org\apache\commons\commons-io\1.3.2\commons-io-1.3.2.jar;G:\Development\apache-maven-3.5.2\reponsitory_boot\us\codecraft\webmagic-extension\0.7.3\webmagic-extension-0.7.3.jar;G:\Development\apache-maven-3.5.2\reponsitory_boot\redis\clients\jedis\2.9.0\jedis-2.9.0.jar;G:\Development\apache-maven-3.5.2\reponsitory_boot\org\apache\commons\commons-pool2\2.6.0\commons-pool2-2.6.0.jar;G:\Development\apache-maven-3.5.2\reponsitory_boot\com\google\guava\guava\23.0\guava-23.0.jar;G:\Development\apache-maven-3.5.2\reponsitory_boot\com\google\code\findbugs\jsr305\1.3.9\jsr305-1.3.9.jar;G:\Development\apache-maven-3.5.2\reponsitory_boot\com\google\errorprone\error_prone_annotations\2.0.18\error_prone_annotations-2.0.18.jar;G:\Development\apache-maven-3.5.2\reponsitory_boot\com\google\j2objc\j2objc-annotations\1.1\j2objc-annotations-1.1.jar;G:\Development\apache-maven-3.5.2\reponsitory_boot\org\codehaus\mojo\animal-sniffer-annotations\1.14\animal-sniffer-annotations-1.14.jar;G:\Development\apache-maven-3.5.2\reponsitory_boot\com\fasterxml\jackson\core\jackson-annotations\2.9.8\jackson-annotations-2.9.8.jar;G:\Development\apache-maven-3.5.2\reponsitory_boot\com\alibaba\fastjson\1.2.47\fastjson-1.2.47.jar;G:\Development\apache-maven-3.5.2\reponsitory_boot\com\alibaba\druid\1.1.12\druid-1.1.12.jar;G:\Development\apache-maven-3.5.2\reponsitory_boot\org\springframework\boot\spring-boot-starter-web\2.1.0.RELEASE\spring-boot-starter-web-2.1.0.RELEASE.jar;G:\Development\apache-maven-3.5.2\reponsitory_boot\org\springframework\boot\spring-boot-starter-json\2.1.0.RELEASE\spring-boot-starter-json-2.1.0.RELEASE.jar;G:\Development\apache-maven-3.5.2\reponsitory_boot\com\fasterxml\jackson\core\jackson-databind\2.9.7\jackson-databind-2.9.7.jar;G:\Development\apache-maven-3.5.2\reponsitory_boot\com\fasterxml\jackson\core\jackson-core\2.9.7\jackson-core-2.9.7.jar;G:\Development\apache-maven-3.5.2\reponsitory_boot\com\fasterxml\jackson\datatype\jackson-datatype-jdk8\2.9.7\jackson-datatype-jdk8-2.9.7.jar;G:\Development\apache-maven-3.5.2\reponsitory_boot\com\fasterxml\jackson\datatype\jackson-datatype-jsr310\2.9.7\jackson-datatype-jsr310-2.9.7.jar;G:\Development\apache-maven-3.5.2\reponsitory_boot\com\fasterxml\jackson\module\jackson-module-parameter-names\2.9.7\jackson-module-parameter-names-2.9.7.jar;G:\Development\apache-maven-3.5.2\reponsitory_boot\org\springframework\boot\spring-boot-starter-tomcat\2.1.0.RELEASE\spring-boot-starter-tomcat-2.1.0.RELEASE.jar;G:\Development\apache-maven-3.5.2\reponsitory_boot\org\apache\tomcat\embed\tomcat-embed-core\9.0.12\tomcat-embed-core-9.0.12.jar;G:\Development\apache-maven-3.5.2\reponsitory_boot\org\apache\tomcat\embed\tomcat-embed-el\9.0.12\tomcat-embed-el-9.0.12.jar;G:\Development\apache-maven-3.5.2\reponsitory_boot\org\apache\tomcat\embed\tomcat-embed-websocket\9.0.12\tomcat-embed-websocket-9.0.12.jar;G:\Development\apache-maven-3.5.2\reponsitory_boot\org\hibernate\validator\hibernate-validator\6.0.13.Final\hibernate-validator-6.0.13.Final.jar;G:\Development\apache-maven-3.5.2\reponsitory_boot\javax\validation\validation-api\2.0.1.Final\validation-api-2.0.1.Final.jar;G:\Development\apache-maven-3.5.2\reponsitory_boot\org\springframework\spring-web\5.1.2.RELEASE\spring-web-5.1.2.RELEASE.jar;G:\Development\apache-maven-3.5.2\reponsitory_boot\org\springframework\spring-webmvc\5.1.2.RELEASE\spring-webmvc-5.1.2.RELEASE.jar;G:\Development\apache-maven-3.5.2\reponsitory_boot\org\springframework\spring-expression\5.1.2.RELEASE\spring-expression-5.1.2.RELEASE.jar;G:\Development\apache-maven-3.5.2\reponsitory_boot\org\springframework\boot\spring-boot-starter-amqp\2.1.4.RELEASE\spring-boot-starter-amqp-2.1.4.RELEASE.jar;G:\Development\apache-maven-3.5.2\reponsitory_boot\org\springframework\spring-messaging\5.1.2.RELEASE\spring-messaging-5.1.2.RELEASE.jar;G:\Development\apache-maven-3.5.2\reponsitory_boot\org\springframework\amqp\spring-rabbit\2.1.0.RELEASE\spring-rabbit-2.1.0.RELEASE.jar;G:\Development\apache-maven-3.5.2\reponsitory_boot\org\springframework\amqp\spring-amqp\2.1.0.RELEASE\spring-amqp-2.1.0.RELEASE.jar;G:\Development\apache-maven-3.5.2\reponsitory_boot\org\springframework\retry\spring-retry\1.2.2.RELEASE\spring-retry-1.2.2.RELEASE.jar;G:\Development\apache-maven-3.5.2\reponsitory_boot\com\rabbitmq\amqp-client\5.4.3\amqp-client-5.4.3.jar;"/>
    <property name="java.vm.vendor" value="Oracle Corporation"/>
    <property name="sun.arch.data.model" value="64"/>
    <property name="user.variant" value=""/>
    <property name="java.vendor.url" value="http://java.oracle.com/"/>
    <property name="user.timezone" value="Asia/Shanghai"/>
    <property name="java.vm.specification.version" value="1.8"/>
    <property name="os.name" value="Windows 10"/>
    <property name="user.country" value="CN"/>
    <property name="sun.java.launcher" value="SUN_STANDARD"/>
    <property name="sun.boot.library.path" value="G:\Development\jdk\jre\bin"/>
    <property name="sun.java.command" value="C:\Users\wmm\AppData\Local\Temp\surefire7878043713585249155\surefirebooter7884682180078145670.jar C:\Users\wmm\AppData\Local\Temp\surefire7878043713585249155 2019-10-11T13-28-02_823-jvmRun1 surefire4247156742597733805tmp surefire_0246076416910468081tmp"/>
    <property name="surefire.test.class.path" value="G:\lavector\weibo\target\test-classes;G:\lavector\weibo\target\classes;G:\Development\apache-maven-3.5.2\reponsitory_boot\org\springframework\boot\spring-boot-starter-data-jpa\2.1.0.RELEASE\spring-boot-starter-data-jpa-2.1.0.RELEASE.jar;G:\Development\apache-maven-3.5.2\reponsitory_boot\org\springframework\boot\spring-boot-starter-aop\2.1.0.RELEASE\spring-boot-starter-aop-2.1.0.RELEASE.jar;G:\Development\apache-maven-3.5.2\reponsitory_boot\org\springframework\spring-aop\5.1.2.RELEASE\spring-aop-5.1.2.RELEASE.jar;G:\Development\apache-maven-3.5.2\reponsitory_boot\org\aspectj\aspectjweaver\1.9.2\aspectjweaver-1.9.2.jar;G:\Development\apache-maven-3.5.2\reponsitory_boot\javax\transaction\javax.transaction-api\1.3\javax.transaction-api-1.3.jar;G:\Development\apache-maven-3.5.2\reponsitory_boot\javax\xml\bind\jaxb-api\2.3.1\jaxb-api-2.3.1.jar;G:\Development\apache-maven-3.5.2\reponsitory_boot\javax\activation\javax.activation-api\1.2.0\javax.activation-api-1.2.0.jar;G:\Development\apache-maven-3.5.2\reponsitory_boot\org\hibernate\hibernate-core\5.3.7.Final\hibernate-core-5.3.7.Final.jar;G:\Development\apache-maven-3.5.2\reponsitory_boot\org\jboss\logging\jboss-logging\3.3.2.Final\jboss-logging-3.3.2.Final.jar;G:\Development\apache-maven-3.5.2\reponsitory_boot\javax\persistence\javax.persistence-api\2.2\javax.persistence-api-2.2.jar;G:\Development\apache-maven-3.5.2\reponsitory_boot\org\javassist\javassist\3.23.1-GA\javassist-3.23.1-GA.jar;G:\Development\apache-maven-3.5.2\reponsitory_boot\net\bytebuddy\byte-buddy\1.9.3\byte-buddy-1.9.3.jar;G:\Development\apache-maven-3.5.2\reponsitory_boot\antlr\antlr\2.7.7\antlr-2.7.7.jar;G:\Development\apache-maven-3.5.2\reponsitory_boot\org\jboss\jandex\2.0.5.Final\jandex-2.0.5.Final.jar;G:\Development\apache-maven-3.5.2\reponsitory_boot\com\fasterxml\classmate\1.4.0\classmate-1.4.0.jar;G:\Development\apache-maven-3.5.2\reponsitory_boot\org\dom4j\dom4j\2.1.1\dom4j-2.1.1.jar;G:\Development\apache-maven-3.5.2\reponsitory_boot\org\hibernate\common\hibernate-commons-annotations\5.0.4.Final\hibernate-commons-annotations-5.0.4.Final.jar;G:\Development\apache-maven-3.5.2\reponsitory_boot\org\springframework\data\spring-data-jpa\2.1.2.RELEASE\spring-data-jpa-2.1.2.RELEASE.jar;G:\Development\apache-maven-3.5.2\reponsitory_boot\org\springframework\data\spring-data-commons\2.1.2.RELEASE\spring-data-commons-2.1.2.RELEASE.jar;G:\Development\apache-maven-3.5.2\reponsitory_boot\org\springframework\spring-orm\5.1.2.RELEASE\spring-orm-5.1.2.RELEASE.jar;G:\Development\apache-maven-3.5.2\reponsitory_boot\org\springframework\spring-context\5.1.2.RELEASE\spring-context-5.1.2.RELEASE.jar;G:\Development\apache-maven-3.5.2\reponsitory_boot\org\springframework\spring-tx\5.1.2.RELEASE\spring-tx-5.1.2.RELEASE.jar;G:\Development\apache-maven-3.5.2\reponsitory_boot\org\springframework\spring-beans\5.1.2.RELEASE\spring-beans-5.1.2.RELEASE.jar;G:\Development\apache-maven-3.5.2\reponsitory_boot\org\springframework\spring-aspects\5.1.2.RELEASE\spring-aspects-5.1.2.RELEASE.jar;G:\Development\apache-maven-3.5.2\reponsitory_boot\org\springframework\boot\spring-boot-starter-test\2.1.0.RELEASE\spring-boot-starter-test-2.1.0.RELEASE.jar;G:\Development\apache-maven-3.5.2\reponsitory_boot\org\springframework\boot\spring-boot-starter\2.1.0.RELEASE\spring-boot-starter-2.1.0.RELEASE.jar;G:\Development\apache-maven-3.5.2\reponsitory_boot\org\springframework\boot\spring-boot\2.1.0.RELEASE\spring-boot-2.1.0.RELEASE.jar;G:\Development\apache-maven-3.5.2\reponsitory_boot\org\springframework\boot\spring-boot-autoconfigure\2.1.0.RELEASE\spring-boot-autoconfigure-2.1.0.RELEASE.jar;G:\Development\apache-maven-3.5.2\reponsitory_boot\org\springframework\boot\spring-boot-starter-logging\2.1.0.RELEASE\spring-boot-starter-logging-2.1.0.RELEASE.jar;G:\Development\apache-maven-3.5.2\reponsitory_boot\ch\qos\logback\logback-classic\1.2.3\logback-classic-1.2.3.jar;G:\Development\apache-maven-3.5.2\reponsitory_boot\ch\qos\logback\logback-core\1.2.3\logback-core-1.2.3.jar;G:\Development\apache-maven-3.5.2\reponsitory_boot\org\apache\logging\log4j\log4j-to-slf4j\2.11.1\log4j-to-slf4j-2.11.1.jar;G:\Development\apache-maven-3.5.2\reponsitory_boot\org\apache\logging\log4j\log4j-api\2.11.1\log4j-api-2.11.1.jar;G:\Development\apache-maven-3.5.2\reponsitory_boot\org\slf4j\jul-to-slf4j\1.7.25\jul-to-slf4j-1.7.25.jar;G:\Development\apache-maven-3.5.2\reponsitory_boot\javax\annotation\javax.annotation-api\1.3.2\javax.annotation-api-1.3.2.jar;G:\Development\apache-maven-3.5.2\reponsitory_boot\org\yaml\snakeyaml\1.23\snakeyaml-1.23.jar;G:\Development\apache-maven-3.5.2\reponsitory_boot\org\springframework\boot\spring-boot-test\2.1.0.RELEASE\spring-boot-test-2.1.0.RELEASE.jar;G:\Development\apache-maven-3.5.2\reponsitory_boot\org\springframework\boot\spring-boot-test-autoconfigure\2.1.0.RELEASE\spring-boot-test-autoconfigure-2.1.0.RELEASE.jar;G:\Development\apache-maven-3.5.2\reponsitory_boot\com\jayway\jsonpath\json-path\2.4.0\json-path-2.4.0.jar;G:\Development\apache-maven-3.5.2\reponsitory_boot\net\minidev\json-smart\2.3\json-smart-2.3.jar;G:\Development\apache-maven-3.5.2\reponsitory_boot\net\minidev\accessors-smart\1.2\accessors-smart-1.2.jar;G:\Development\apache-maven-3.5.2\reponsitory_boot\org\ow2\asm\asm\5.0.4\asm-5.0.4.jar;G:\Development\apache-maven-3.5.2\reponsitory_boot\junit\junit\4.12\junit-4.12.jar;G:\Development\apache-maven-3.5.2\reponsitory_boot\org\assertj\assertj-core\3.11.1\assertj-core-3.11.1.jar;G:\Development\apache-maven-3.5.2\reponsitory_boot\org\mockito\mockito-core\2.23.0\mockito-core-2.23.0.jar;G:\Development\apache-maven-3.5.2\reponsitory_boot\net\bytebuddy\byte-buddy-agent\1.9.3\byte-buddy-agent-1.9.3.jar;G:\Development\apache-maven-3.5.2\reponsitory_boot\org\objenesis\objenesis\2.6\objenesis-2.6.jar;G:\Development\apache-maven-3.5.2\reponsitory_boot\org\hamcrest\hamcrest-core\1.3\hamcrest-core-1.3.jar;G:\Development\apache-maven-3.5.2\reponsitory_boot\org\hamcrest\hamcrest-library\1.3\hamcrest-library-1.3.jar;G:\Development\apache-maven-3.5.2\reponsitory_boot\org\skyscreamer\jsonassert\1.5.0\jsonassert-1.5.0.jar;G:\Development\apache-maven-3.5.2\reponsitory_boot\com\vaadin\external\google\android-json\0.0.20131108.vaadin1\android-json-0.0.20131108.vaadin1.jar;G:\Development\apache-maven-3.5.2\reponsitory_boot\org\springframework\spring-core\5.1.2.RELEASE\spring-core-5.1.2.RELEASE.jar;G:\Development\apache-maven-3.5.2\reponsitory_boot\org\springframework\spring-jcl\5.1.2.RELEASE\spring-jcl-5.1.2.RELEASE.jar;G:\Development\apache-maven-3.5.2\reponsitory_boot\org\springframework\spring-test\5.1.2.RELEASE\spring-test-5.1.2.RELEASE.jar;G:\Development\apache-maven-3.5.2\reponsitory_boot\org\xmlunit\xmlunit-core\2.6.2\xmlunit-core-2.6.2.jar;G:\Development\apache-maven-3.5.2\reponsitory_boot\mysql\mysql-connector-java\8.0.13\mysql-connector-java-8.0.13.jar;G:\Development\apache-maven-3.5.2\reponsitory_boot\org\springframework\boot\spring-boot-starter-jdbc\2.1.0.RELEASE\spring-boot-starter-jdbc-2.1.0.RELEASE.jar;G:\Development\apache-maven-3.5.2\reponsitory_boot\com\zaxxer\HikariCP\3.2.0\HikariCP-3.2.0.jar;G:\Development\apache-maven-3.5.2\reponsitory_boot\org\springframework\spring-jdbc\5.1.2.RELEASE\spring-jdbc-5.1.2.RELEASE.jar;G:\Development\apache-maven-3.5.2\reponsitory_boot\com\google\code\gson\gson\2.8.5\gson-2.8.5.jar;G:\Development\apache-maven-3.5.2\reponsitory_boot\us\codecraft\webmagic-core\0.7.3\webmagic-core-0.7.3.jar;G:\Development\apache-maven-3.5.2\reponsitory_boot\org\apache\httpcomponents\httpclient\4.5.6\httpclient-4.5.6.jar;G:\Development\apache-maven-3.5.2\reponsitory_boot\org\apache\httpcomponents\httpcore\4.4.10\httpcore-4.4.10.jar;G:\Development\apache-maven-3.5.2\reponsitory_boot\commons-codec\commons-codec\1.11\commons-codec-1.11.jar;G:\Development\apache-maven-3.5.2\reponsitory_boot\org\apache\commons\commons-lang3\3.8.1\commons-lang3-3.8.1.jar;G:\Development\apache-maven-3.5.2\reponsitory_boot\us\codecraft\xsoup\0.3.1\xsoup-0.3.1.jar;G:\Development\apache-maven-3.5.2\reponsitory_boot\org\slf4j\slf4j-api\1.7.25\slf4j-api-1.7.25.jar;G:\Development\apache-maven-3.5.2\reponsitory_boot\org\slf4j\slf4j-log4j12\1.7.25\slf4j-log4j12-1.7.25.jar;G:\Development\apache-maven-3.5.2\reponsitory_boot\log4j\log4j\1.2.17\log4j-1.2.17.jar;G:\Development\apache-maven-3.5.2\reponsitory_boot\commons-collections\commons-collections\3.2.2\commons-collections-3.2.2.jar;G:\Development\apache-maven-3.5.2\reponsitory_boot\org\jsoup\jsoup\1.10.3\jsoup-1.10.3.jar;G:\Development\apache-maven-3.5.2\reponsitory_boot\org\apache\commons\commons-io\1.3.2\commons-io-1.3.2.jar;G:\Development\apache-maven-3.5.2\reponsitory_boot\us\codecraft\webmagic-extension\0.7.3\webmagic-extension-0.7.3.jar;G:\Development\apache-maven-3.5.2\reponsitory_boot\redis\clients\jedis\2.9.0\jedis-2.9.0.jar;G:\Development\apache-maven-3.5.2\reponsitory_boot\org\apache\commons\commons-pool2\2.6.0\commons-pool2-2.6.0.jar;G:\Development\apache-maven-3.5.2\reponsitory_boot\com\google\guava\guava\23.0\guava-23.0.jar;G:\Development\apache-maven-3.5.2\reponsitory_boot\com\google\code\findbugs\jsr305\1.3.9\jsr305-1.3.9.jar;G:\Development\apache-maven-3.5.2\reponsitory_boot\com\google\errorprone\error_prone_annotations\2.0.18\error_prone_annotations-2.0.18.jar;G:\Development\apache-maven-3.5.2\reponsitory_boot\com\google\j2objc\j2objc-annotations\1.1\j2objc-annotations-1.1.jar;G:\Development\apache-maven-3.5.2\reponsitory_boot\org\codehaus\mojo\animal-sniffer-annotations\1.14\animal-sniffer-annotations-1.14.jar;G:\Development\apache-maven-3.5.2\reponsitory_boot\com\fasterxml\jackson\core\jackson-annotations\2.9.8\jackson-annotations-2.9.8.jar;G:\Development\apache-maven-3.5.2\reponsitory_boot\com\alibaba\fastjson\1.2.47\fastjson-1.2.47.jar;G:\Development\apache-maven-3.5.2\reponsitory_boot\com\alibaba\druid\1.1.12\druid-1.1.12.jar;G:\Development\apache-maven-3.5.2\reponsitory_boot\org\springframework\boot\spring-boot-starter-web\2.1.0.RELEASE\spring-boot-starter-web-2.1.0.RELEASE.jar;G:\Development\apache-maven-3.5.2\reponsitory_boot\org\springframework\boot\spring-boot-starter-json\2.1.0.RELEASE\spring-boot-starter-json-2.1.0.RELEASE.jar;G:\Development\apache-maven-3.5.2\reponsitory_boot\com\fasterxml\jackson\core\jackson-databind\2.9.7\jackson-databind-2.9.7.jar;G:\Development\apache-maven-3.5.2\reponsitory_boot\com\fasterxml\jackson\core\jackson-core\2.9.7\jackson-core-2.9.7.jar;G:\Development\apache-maven-3.5.2\reponsitory_boot\com\fasterxml\jackson\datatype\jackson-datatype-jdk8\2.9.7\jackson-datatype-jdk8-2.9.7.jar;G:\Development\apache-maven-3.5.2\reponsitory_boot\com\fasterxml\jackson\datatype\jackson-datatype-jsr310\2.9.7\jackson-datatype-jsr310-2.9.7.jar;G:\Development\apache-maven-3.5.2\reponsitory_boot\com\fasterxml\jackson\module\jackson-module-parameter-names\2.9.7\jackson-module-parameter-names-2.9.7.jar;G:\Development\apache-maven-3.5.2\reponsitory_boot\org\springframework\boot\spring-boot-starter-tomcat\2.1.0.RELEASE\spring-boot-starter-tomcat-2.1.0.RELEASE.jar;G:\Development\apache-maven-3.5.2\reponsitory_boot\org\apache\tomcat\embed\tomcat-embed-core\9.0.12\tomcat-embed-core-9.0.12.jar;G:\Development\apache-maven-3.5.2\reponsitory_boot\org\apache\tomcat\embed\tomcat-embed-el\9.0.12\tomcat-embed-el-9.0.12.jar;G:\Development\apache-maven-3.5.2\reponsitory_boot\org\apache\tomcat\embed\tomcat-embed-websocket\9.0.12\tomcat-embed-websocket-9.0.12.jar;G:\Development\apache-maven-3.5.2\reponsitory_boot\org\hibernate\validator\hibernate-validator\6.0.13.Final\hibernate-validator-6.0.13.Final.jar;G:\Development\apache-maven-3.5.2\reponsitory_boot\javax\validation\validation-api\2.0.1.Final\validation-api-2.0.1.Final.jar;G:\Development\apache-maven-3.5.2\reponsitory_boot\org\springframework\spring-web\5.1.2.RELEASE\spring-web-5.1.2.RELEASE.jar;G:\Development\apache-maven-3.5.2\reponsitory_boot\org\springframework\spring-webmvc\5.1.2.RELEASE\spring-webmvc-5.1.2.RELEASE.jar;G:\Development\apache-maven-3.5.2\reponsitory_boot\org\springframework\spring-expression\5.1.2.RELEASE\spring-expression-5.1.2.RELEASE.jar;G:\Development\apache-maven-3.5.2\reponsitory_boot\org\springframework\boot\spring-boot-starter-amqp\2.1.4.RELEASE\spring-boot-starter-amqp-2.1.4.RELEASE.jar;G:\Development\apache-maven-3.5.2\reponsitory_boot\org\springframework\spring-messaging\5.1.2.RELEASE\spring-messaging-5.1.2.RELEASE.jar;G:\Development\apache-maven-3.5.2\reponsitory_boot\org\springframework\amqp\spring-rabbit\2.1.0.RELEASE\spring-rabbit-2.1.0.RELEASE.jar;G:\Development\apache-maven-3.5.2\reponsitory_boot\org\springframework\amqp\spring-amqp\2.1.0.RELEASE\spring-amqp-2.1.0.RELEASE.jar;G:\Development\apache-maven-3.5.2\reponsitory_boot\org\springframework\retry\spring-retry\1.2.2.RELEASE\spring-retry-1.2.2.RELEASE.jar;G:\Development\apache-maven-3.5.2\reponsitory_boot\com\rabbitmq\amqp-client\5.4.3\amqp-client-5.4.3.jar;"/>
    <property name="sun.cpu.endian" value="little"/>
    <property name="user.home" value="C:\Users\wmm"/>
    <property name="user.language" value="zh"/>
    <property name="java.specification.vendor" value="Oracle Corporation"/>
    <property name="java.home" value="G:\Development\jdk\jre"/>
    <property name="basedir" value="G:\lavector\weibo"/>
    <property name="file.separator" value="\"/>
    <property name="line.separator" value="&#10;"/>
    <property name="java.vm.specification.vendor" value="Oracle Corporation"/>
    <property name="java.specification.name" value="Java Platform API Specification"/>
    <property name="java.awt.graphicsenv" value="sun.awt.Win32GraphicsEnvironment"/>
    <property name="surefire.real.class.path" value="C:\Users\wmm\AppData\Local\Temp\surefire7878043713585249155\surefirebooter7884682180078145670.jar"/>
    <property name="sun.boot.class.path" value="G:\Development\jdk\jre\lib\resources.jar;G:\Development\jdk\jre\lib\rt.jar;G:\Development\jdk\jre\lib\sunrsasign.jar;G:\Development\jdk\jre\lib\jsse.jar;G:\Development\jdk\jre\lib\jce.jar;G:\Development\jdk\jre\lib\charsets.jar;G:\Development\jdk\jre\lib\jfr.jar;G:\Development\jdk\jre\classes"/>
    <property name="user.script" value=""/>
    <property name="sun.management.compiler" value="HotSpot 64-Bit Tiered Compilers"/>
    <property name="java.runtime.version" value="1.8.0_162-b12"/>
    <property name="user.name" value="wmm"/>
    <property name="path.separator" value=";"/>
    <property name="os.version" value="10.0"/>
    <property name="java.endorsed.dirs" value="G:\Development\jdk\jre\lib\endorsed"/>
    <property name="java.runtime.name" value="Java(TM) SE Runtime Environment"/>
    <property name="file.encoding" value="GBK"/>
    <property name="java.vm.name" value="Java HotSpot(TM) 64-Bit Server VM"/>
    <property name="localRepository" value="G:\Development\apache-maven-3.5.2\reponsitory_boot"/>
    <property name="java.vendor.url.bug" value="http://bugreport.sun.com/bugreport/"/>
    <property name="java.io.tmpdir" value="C:\Users\wmm\AppData\Local\Temp\"/>
    <property name="idea.version" value="2017.1.2"/>
    <property name="java.version" value="1.8.0_162"/>
    <property name="user.dir" value="G:\lavector\weibo"/>
    <property name="os.arch" value="amd64"/>
    <property name="java.vm.specification.name" value="Java Virtual Machine Specification"/>
    <property name="java.awt.printerjob" value="sun.awt.windows.WPrinterJob"/>
    <property name="sun.os.patch.level" value=""/>
    <property name="java.library.path" value="G:\Development\jdk\jre\bin;C:\WINDOWS\Sun\Java\bin;C:\WINDOWS\system32;C:\WINDOWS;G:\Software\xshell\;C:\ProgramData\Oracle\Java\javapath;C:\WINDOWS\system32;C:\WINDOWS;C:\WINDOWS\System32\Wbem;C:\WINDOWS\System32\WindowsPowerShell\v1.0\;%JAVA_HOME%\bin;%MAVEN_HOME%\bin;C:\WINDOWS\System32\OpenSSH\;G:\Development\svn\bin;G:\Development\TortoiseSVN\bin;G:\Development\mysql\bin;G:\Development\git\Git\cmd;G:\Development\mongodb\bin;G:\Development\nodejs\;G:\Development\apache-tomcat-8.5.24\bin;G:\Development\apache-maven-3.5.2\bin;G:\Development\jdk\jre\bin;G:\Development\jdk\jre1.8.0_162\bin;G:\Development\jdk\bin;C:\Users\wmm\AppData\Local\Microsoft\WindowsApps;G:\Development\doker\Docker Toolbox;C:\Users\wmm\AppData\Roaming\npm;G:\Software\Fiddler;C:\Users\wmm\AppData\Local\BypassRuntm;."/>
    <property name="java.vm.info" value="mixed mode"/>
    <property name="java.vendor" value="Oracle Corporation"/>
    <property name="java.vm.version" value="25.162-b12"/>
    <property name="java.ext.dirs" value="G:\Development\jdk\jre\lib\ext;C:\WINDOWS\Sun\Java\lib\ext"/>
    <property name="sun.io.unicode.encoding" value="UnicodeLittle"/>
    <property name="java.class.version" value="52.0"/>
  </properties>
  <testcase name="testCrawler" classname="com.CrawlerTest" time="0.607"/>
</testsuite>